<?xml version="1.0" encoding="UTF-8"?>
<!-- Generated by org.testng.reporters.JUnitXMLReporter -->
<testsuite ignored="4" hostname="DESKTOP-QRUF7D9" failures="1" tests="4" name="Chrome Test" time="81.522" errors="0" timestamp="2025-01-07T22:58:42 SGT">
  <testcase classname="testNG.AssertionsAssignment" name="verifyTheSelectedValueOfTitleDropDown" time="8.478">
    <skipped/>
  </testcase> <!-- verifyTheSelectedValueOfTitleDropDown -->
  <testcase classname="testNG.AssertionsAssignment" name="verifyTheSelectedValueOfTitleDropDown" time="5.134">
    <skipped/>
  </testcase> <!-- verifyTheSelectedValueOfTitleDropDown -->
  <testcase classname="testNG.AssertionsAssignment" name="verifyTheSelectedValueOfTitleDropDown" time="5.617">
    <skipped/>
  </testcase> <!-- verifyTheSelectedValueOfTitleDropDown -->
  <testcase classname="testNG.AssertionsAssignment" name="verifyTheSelectedValueOfTitleDropDown" time="3.993">
    <failure type="java.lang.AssertionError" message="Incorrect Dropdown Value Selected expected [Mr] but found [Ms]">
      <![CDATA[java.lang.AssertionError: Incorrect Dropdown Value Selected expected [Mr] but found [Ms]
at testNG.AssertionsAssignment.verifyTheSelectedValueOfTitleDropDown(AssertionsAssignment.java:76)
at java.base/java.util.ArrayList.forEach(ArrayList.java:1511)
at java.base/java.util.concurrent.FutureTask.run(FutureTask.java:264)
at java.base/java.util.concurrent.ThreadPoolExecutor.runWorker(ThreadPoolExecutor.java:1136)
at java.base/java.util.concurrent.ThreadPoolExecutor$Worker.run(ThreadPoolExecutor.java:635)
at java.base/java.lang.Thread.run(Thread.java:833)
... Removed 23 stack frames]]>
    </failure>
  </testcase> <!-- verifyTheSelectedValueOfTitleDropDown -->
  <testcase classname="testNG.AssertionsAssignment" name="verifyTheTooltipValueOfEditIcon" time="0.0">
    <ignored/>
  </testcase> <!-- verifyTheTooltipValueOfEditIcon -->
  <testcase classname="testNG.AssertionsAssignment" name="verifyTheFontTypeOfSendButtonText" time="0.0">
    <ignored/>
  </testcase> <!-- verifyTheFontTypeOfSendButtonText -->
  <testcase classname="testNG.AssertionsAssignment" name="verifyCheckBoxIsSelected" time="0.0">
    <ignored/>
  </testcase> <!-- verifyCheckBoxIsSelected -->
  <testcase classname="testNG.AssertionsAssignment" name="verifyTheTextOfSendButton" time="0.0">
    <ignored/>
  </testcase> <!-- verifyTheTextOfSendButton -->
</testsuite> <!-- Chrome Test -->
