<?xml version="1.0" encoding="UTF-8"?>
<!-- Generated by org.testng.reporters.JUnitXMLReporter -->
<testsuite ignored="2" hostname="DESKTOP-QRUF7D9" failures="0" tests="3" name="Grouping Test" time="0.108" errors="0" timestamp="2025-01-06T23:00:10 SGT">
  <testcase classname="testNG.GroupingBasics" name="testCase1" time="0.009"/>
  <testcase classname="testNG.GroupingBasics" name="testCase3" time="0.007"/>
  <testcase classname="testNG.GroupingBasics" name="testCase5" time="0.003"/>
  <testcase classname="testNG.GroupingBasics" name="testCase2" time="0.0">
    <ignored/>
  </testcase> <!-- testCase2 -->
  <testcase classname="testNG.GroupingBasics" name="testCase4" time="0.0">
    <ignored/>
  </testcase> <!-- testCase4 -->
</testsuite> <!-- Grouping Test -->
