<?xml version="1.0" encoding="UTF-8"?>
<!-- Generated by org.testng.reporters.JUnitXMLReporter -->
<testsuite ignored="0" hostname="DESKTOP-QRUF7D9" failures="1" tests="2" name="Test" time="45.507" errors="0" timestamp="2025-01-16T23:01:14 SGT">
  <testcase classname="testCases.LoginTestCases" name="verifyLoginFeatureIsWorkingWithValidUser" time="2.358"/>
  <testcase classname="testCases.WorkerClass" name="verifyTheValueOfDropDown" time="15.029">
    <failure type="org.openqa.selenium.NoSuchElementException" message="Cannot locate option with value: MS
For documentation on this error, please visit: https://www.selenium.dev/documentation/webdriver/troubleshooting/errors#no-such-element-exception
Build info: version: &amp;apos;4.27.0&amp;apos;, revision: &amp;apos;d6e718d134&amp;apos;
System info: os.name: &amp;apos;Windows 10&amp;apos;, os.arch: &amp;apos;amd64&amp;apos;, os.version: &amp;apos;10.0&amp;apos;, java.version: &amp;apos;17&amp;apos;
Driver info: driver.version: unknown">
      <![CDATA[org.openqa.selenium.NoSuchElementException: Cannot locate option with value: MS
For documentation on this error, please visit: https://www.selenium.dev/documentation/webdriver/troubleshooting/errors#no-such-element-exception
Build info: version: '4.27.0', revision: 'd6e718d134'
System info: os.name: 'Windows 10', os.arch: 'amd64', os.version: '10.0', java.version: '17'
Driver info: driver.version: unknown
at org.openqa.selenium.support.ui.Select.findOptionsByValue(Select.java:393)
at org.openqa.selenium.support.ui.Select.selectByValue(Select.java:277)
at utilities.GeneralUtilities.getValueOFTheDropdown(GeneralUtilities.java:20)
at elementRepository.WorkerPage.getDropDownValue(WorkerPage.java:37)
at testCases.WorkerClass.verifyTheValueOfDropDown(WorkerClass.java:21)
at java.base/java.util.ArrayList.forEach(ArrayList.java:1511)
... Removed 27 stack frames]]>
    </failure>
  </testcase> <!-- verifyTheValueOfDropDown -->
</testsuite> <!-- Test -->
