<?xml version="1.0" encoding="UTF-8"?>
<!-- Generated by org.testng.reporters.JUnitReportReporter -->
<testsuite hostname="DESKTOP-QRUF7D9" failures="0" tests="4" name="testNG.SampleAnnotation" time="0.034" errors="0" timestamp="2025-01-08T22:15:45 SGT" skipped="0">
  <testcase classname="testNG.SampleAnnotation" name="testCase3" time="0.005"/>
  <system-out/>
  <testcase classname="testNG.SampleAnnotation" name="testCase2" time="0.014"/>
  <system-out/>
  <testcase classname="testNG.SampleAnnotation" name="testCase4" time="0.011"/>
  <system-out/>
  <testcase classname="testNG.SampleAnnotation" name="testCase1" time="0.004"/>
  <system-out/>
</testsuite> <!-- testNG.SampleAnnotation -->
