<?xml version="1.0" encoding="UTF-8"?>
<!-- Generated by org.testng.reporters.JUnitReportReporter -->
<testsuite hostname="DESKTOP-QRUF7D9" failures="0" tests="3" name="testNG.DataProviderSample" time="0.013" errors="0" timestamp="2025-01-08T22:24:33 SGT" skipped="0">
  <testcase classname="testNG.DataProviderSample" name="testCase1" time="0.004"/>
  <system-out/>
  <testcase classname="testNG.DataProviderSample" name="testCase1" time="0.008"/>
  <system-out/>
  <testcase classname="testNG.DataProviderSample" name="testCase1" time="0.001"/>
  <system-out/>
</testsuite> <!-- testNG.DataProviderSample -->
