<?xml version="1.0" encoding="UTF-8"?>
<!-- Generated by org.testng.reporters.JUnitReportReporter -->
<testsuite hostname="DESKTOP-QRUF7D9" failures="0" tests="4" name="testNG.BeforeAfterClassSample" time="0.026" errors="0" timestamp="2025-01-08T22:31:38 SGT" skipped="0">
  <testcase classname="testNG.BeforeAfterClassSample" name="testCase1" time="0.010"/>
  <system-out/>
  <testcase classname="testNG.BeforeAfterClassSample" name="testCase2" time="0.005"/>
  <system-out/>
  <testcase classname="testNG.BeforeAfterClassSample" name="testCase4" time="0.006"/>
  <system-out/>
  <testcase classname="testNG.BeforeAfterClassSample" name="testCase3" time="0.005"/>
  <system-out/>
</testsuite> <!-- testNG.BeforeAfterClassSample -->
