<?xml version="1.0" encoding="UTF-8"?>
<!-- Generated by org.testng.reporters.JUnitReportReporter -->
<testsuite hostname="DESKTOP-QRUF7D9" failures="0" tests="5" name="testNG.Priority" time="0.025" errors="0" timestamp="2025-01-08T22:15:45 SGT" skipped="0">
  <testcase classname="testNG.Priority" name="testCase2" time="0.003"/>
  <system-out/>
  <testcase classname="testNG.Priority" name="testCase3" time="0.007"/>
  <system-out/>
  <testcase classname="testNG.Priority" name="testCase1" time="0.003"/>
  <system-out/>
  <testcase classname="testNG.Priority" name="testCase4" time="0.002"/>
  <system-out/>
  <testcase classname="testNG.Priority" name="testCase5" time="0.010"/>
  <system-out/>
</testsuite> <!-- testNG.Priority -->
