<?xml version="1.0" encoding="UTF-8"?>
<!-- Generated by org.testng.reporters.JUnitReportReporter -->
<testsuite hostname="DESKTOP-QRUF7D9" failures="0" tests="5" name="testNG.GroupingBasics" time="0.110" errors="0" timestamp="2025-01-08T22:15:45 SGT" skipped="0">
  <testcase classname="testNG.GroupingBasics" name="testCase2" time="0.011"/>
  <system-out/>
  <testcase classname="testNG.GroupingBasics" name="testCase4" time="0.006"/>
  <system-out/>
  <testcase classname="testNG.GroupingBasics" name="testCase1" time="0.053"/>
  <system-out/>
  <testcase classname="testNG.GroupingBasics" name="testCase5" time="0.023"/>
  <system-out/>
  <testcase classname="testNG.GroupingBasics" name="testCase3" time="0.017"/>
  <system-out/>
</testsuite> <!-- testNG.GroupingBasics -->
