<?xml version="1.0" encoding="UTF-8"?>
<!-- Generated by org.testng.reporters.JUnitReportReporter -->
<testsuite hostname="DESKTOP-QRUF7D9" failures="0" tests="2" name="testCases.LoginTestCases" time="43.967" errors="0" timestamp="2025-01-18T20:20:38 SGT" skipped="0">
  <testcase classname="testCases.LoginTestCases" name="verifyLoginFeatureIsWorkingWithValidUser" time="23.745"/>
  <testcase classname="testCases.LoginTestCases" name="verifyLoginFeatureIsWorkingWithValidUser" time="20.222"/>
</testsuite> <!-- testCases.LoginTestCases -->
