<?xml version="1.0" encoding="UTF-8"?>
<testng-results retried="1" ignored="1" total="6" passed="3" failed="1" skipped="0">
  <reporter-output>
  </reporter-output>
  <suite started-at="2025-01-20T23:02:49 SGT" name="My Test Suite" finished-at="2025-01-20T23:04:00 SGT" duration-ms="70415">
    <groups>
      <group name="Critical">
        <method signature="ClientTestCase.verifyTheValueOfInvoiceOrderDropDown()[pri:0, instance:testCases.ClientTestCase@689604d9]" name="verifyTheValueOfInvoiceOrderDropDown" class="testCases.ClientTestCase"/>
        <method signature="ClientTestCase.verifyTheValueOfInvoiceOrderDropDown()[pri:0, instance:testCases.ClientTestCase@3eb738bb]" name="verifyTheValueOfInvoiceOrderDropDown" class="testCases.ClientTestCase"/>
      </group> <!-- Critical -->
    </groups>
    <test started-at="2025-01-20T23:02:49 SGT" name="Chrome Test" finished-at="2025-01-20T23:03:15 SGT" duration-ms="25604">
      <class name="testCases.ClientTestCase">
        <test-method is-config="true" signature="beforeMethod(java.lang.String)[pri:0, instance:testCases.ClientTestCase@689604d9]" started-at="2025-01-20T23:02:50 SGT" name="beforeMethod" finished-at="2025-01-20T23:03:03 SGT" duration-ms="13028" status="PASS">
          <params>
            <param index="0">
              <value>
                <![CDATA[chrome]]>
              </value>
            </param>
          </params>
          <reporter-output>
          </reporter-output>
        </test-method> <!-- beforeMethod -->
        <test-method signature="verifyTheValueOfInvoiceOrderDropDown()[pri:0, instance:testCases.ClientTestCase@689604d9]" started-at="2025-01-20T23:03:03 SGT" name="verifyTheValueOfInvoiceOrderDropDown" finished-at="2025-01-20T23:03:10 SGT" duration-ms="7012" status="PASS">
          <reporter-output>
          </reporter-output>
        </test-method> <!-- verifyTheValueOfInvoiceOrderDropDown -->
        <test-method is-config="true" signature="afterMethod(org.testng.ITestResult)[pri:0, instance:testCases.ClientTestCase@689604d9]" started-at="2025-01-20T23:03:10 SGT" name="afterMethod" finished-at="2025-01-20T23:03:15 SGT" duration-ms="5420" status="PASS">
          <params>
            <param index="0">
              <value>
                <![CDATA[[TestResult name=verifyTheValueOfInvoiceOrderDropDown status=SUCCESS method=ClientTestCase.verifyTheValueOfInvoiceOrderDropDown()[pri:0, instance:testCases.ClientTestCase@689604d9] output={null}]]]>
              </value>
            </param>
          </params>
          <reporter-output>
          </reporter-output>
        </test-method> <!-- afterMethod -->
      </class> <!-- testCases.ClientTestCase -->
    </test> <!-- Chrome Test -->
    <test started-at="2025-01-20T23:02:49 SGT" name="Edge Test" finished-at="2025-01-20T23:04:00 SGT" duration-ms="70415">
      <class name="testCases.ClientTestCase">
        <test-method is-config="true" signature="beforeMethod(java.lang.String)[pri:0, instance:testCases.ClientTestCase@3eb738bb]" started-at="2025-01-20T23:02:50 SGT" name="beforeMethod" finished-at="2025-01-20T23:03:07 SGT" duration-ms="17935" status="PASS">
          <params>
            <param index="0">
              <value>
                <![CDATA[edge]]>
              </value>
            </param>
          </params>
          <reporter-output>
          </reporter-output>
        </test-method> <!-- beforeMethod -->
        <test-method signature="verifyCheckBoxIsSelected()[pri:0, instance:testCases.ClientTestCase@3eb738bb]" started-at="2025-01-20T23:03:07 SGT" name="verifyCheckBoxIsSelected" finished-at="2025-01-20T23:03:12 SGT" duration-ms="4956" status="PASS">
          <reporter-output>
          </reporter-output>
        </test-method> <!-- verifyCheckBoxIsSelected -->
        <test-method is-config="true" signature="afterMethod(org.testng.ITestResult)[pri:0, instance:testCases.ClientTestCase@3eb738bb]" started-at="2025-01-20T23:03:12 SGT" name="afterMethod" finished-at="2025-01-20T23:03:13 SGT" duration-ms="950" status="PASS">
          <params>
            <param index="0">
              <value>
                <![CDATA[[TestResult name=verifyCheckBoxIsSelected status=SUCCESS method=ClientTestCase.verifyCheckBoxIsSelected()[pri:0, instance:testCases.ClientTestCase@3eb738bb] output={null}]]]>
              </value>
            </param>
          </params>
          <reporter-output>
          </reporter-output>
        </test-method> <!-- afterMethod -->
        <test-method is-config="true" signature="beforeMethod(java.lang.String)[pri:0, instance:testCases.ClientTestCase@3eb738bb]" started-at="2025-01-20T23:03:13 SGT" name="beforeMethod" finished-at="2025-01-20T23:03:23 SGT" duration-ms="10079" status="PASS">
          <params>
            <param index="0">
              <value>
                <![CDATA[edge]]>
              </value>
            </param>
          </params>
          <reporter-output>
          </reporter-output>
        </test-method> <!-- beforeMethod -->
        <test-method signature="verifyTheValueOfInvoiceOrderDropDown()[pri:0, instance:testCases.ClientTestCase@3eb738bb]" started-at="2025-01-20T23:03:23 SGT" name="verifyTheValueOfInvoiceOrderDropDown" finished-at="2025-01-20T23:03:30 SGT" duration-ms="6067" status="PASS">
          <reporter-output>
          </reporter-output>
        </test-method> <!-- verifyTheValueOfInvoiceOrderDropDown -->
        <test-method is-config="true" signature="afterMethod(org.testng.ITestResult)[pri:0, instance:testCases.ClientTestCase@3eb738bb]" started-at="2025-01-20T23:03:30 SGT" name="afterMethod" finished-at="2025-01-20T23:03:33 SGT" duration-ms="3011" status="PASS">
          <params>
            <param index="0">
              <value>
                <![CDATA[[TestResult name=verifyTheValueOfInvoiceOrderDropDown status=SUCCESS method=ClientTestCase.verifyTheValueOfInvoiceOrderDropDown()[pri:0, instance:testCases.ClientTestCase@3eb738bb] output={null}]]]>
              </value>
            </param>
          </params>
          <reporter-output>
          </reporter-output>
        </test-method> <!-- afterMethod -->
        <test-method is-config="true" signature="beforeMethod(java.lang.String)[pri:0, instance:testCases.ClientTestCase@3eb738bb]" started-at="2025-01-20T23:03:33 SGT" name="beforeMethod" finished-at="2025-01-20T23:03:42 SGT" duration-ms="9914" status="PASS">
          <params>
            <param index="0">
              <value>
                <![CDATA[edge]]>
              </value>
            </param>
          </params>
          <reporter-output>
          </reporter-output>
        </test-method> <!-- beforeMethod -->
        <test-method retried="true" signature="verifyToolTipValueInClientPage()[pri:0, instance:testCases.ClientTestCase@3eb738bb]" started-at="2025-01-20T23:03:42 SGT" name="verifyToolTipValueInClientPage" finished-at="2025-01-20T23:03:45 SGT" duration-ms="2903" status="SKIP">
          <exception class="java.lang.AssertionError">
            <message>
              <![CDATA[Incorrect Tool Tip Value expected [date] but found [Update]]]>
            </message>
            <full-stacktrace>
              <![CDATA[java.lang.AssertionError: Incorrect Tool Tip Value expected [date] but found [Update]
at org.testng.Assert.fail(Assert.java:111)
at org.testng.Assert.failNotEquals(Assert.java:1578)
at org.testng.Assert.assertEqualsImpl(Assert.java:150)
at org.testng.Assert.assertEquals(Assert.java:132)
at org.testng.Assert.assertEquals(Assert.java:656)
at testCases.ClientTestCase.verifyToolTipValueInClientPage(ClientTestCase.java:23)
at java.base/jdk.internal.reflect.NativeMethodAccessorImpl.invoke0(Native Method)
at java.base/jdk.internal.reflect.NativeMethodAccessorImpl.invoke(NativeMethodAccessorImpl.java:77)
at java.base/jdk.internal.reflect.DelegatingMethodAccessorImpl.invoke(DelegatingMethodAccessorImpl.java:43)
at java.base/java.lang.reflect.Method.invoke(Method.java:568)
at org.testng.internal.invokers.MethodInvocationHelper.invokeMethod(MethodInvocationHelper.java:141)
at org.testng.internal.invokers.TestInvoker.invokeMethod(TestInvoker.java:686)
at org.testng.internal.invokers.TestInvoker.invokeTestMethod(TestInvoker.java:230)
at org.testng.internal.invokers.MethodRunner.runInSequence(MethodRunner.java:63)
at org.testng.internal.invokers.TestInvoker$MethodInvocationAgent.invoke(TestInvoker.java:992)
at org.testng.internal.invokers.TestInvoker.invokeTestMethods(TestInvoker.java:203)
at org.testng.internal.invokers.TestMethodWorker.invokeTestMethods(TestMethodWorker.java:154)
at org.testng.internal.invokers.TestMethodWorker.run(TestMethodWorker.java:134)
at java.base/java.util.ArrayList.forEach(ArrayList.java:1511)
at org.testng.TestRunner.privateRun(TestRunner.java:739)
at org.testng.TestRunner.run(TestRunner.java:614)
at org.testng.SuiteRunner.runTest(SuiteRunner.java:421)
at org.testng.SuiteRunner$SuiteWorker.run(SuiteRunner.java:463)
at org.testng.internal.thread.ThreadUtil.lambda$execute$0(ThreadUtil.java:64)
at java.base/java.util.concurrent.FutureTask.run(FutureTask.java:264)
at java.base/java.util.concurrent.ThreadPoolExecutor.runWorker(ThreadPoolExecutor.java:1136)
at java.base/java.util.concurrent.ThreadPoolExecutor$Worker.run(ThreadPoolExecutor.java:635)
at java.base/java.lang.Thread.run(Thread.java:833)
]]>
            </full-stacktrace>
          </exception> <!-- java.lang.AssertionError -->
          <reporter-output>
          </reporter-output>
        </test-method> <!-- verifyToolTipValueInClientPage -->
        <test-method is-config="true" signature="afterMethod(org.testng.ITestResult)[pri:0, instance:testCases.ClientTestCase@3eb738bb]" started-at="2025-01-20T23:03:45 SGT" name="afterMethod" finished-at="2025-01-20T23:03:46 SGT" duration-ms="685" status="PASS">
          <params>
            <param index="0">
              <value>
                <![CDATA[[TestResult name=verifyToolTipValueInClientPage status=SKIP method=ClientTestCase.verifyToolTipValueInClientPage()[pri:0, instance:testCases.ClientTestCase@3eb738bb] output={null}]]]>
              </value>
            </param>
          </params>
          <reporter-output>
          </reporter-output>
        </test-method> <!-- afterMethod -->
        <test-method is-config="true" signature="beforeMethod(java.lang.String)[pri:0, instance:testCases.ClientTestCase@3eb738bb]" started-at="2025-01-20T23:03:46 SGT" name="beforeMethod" finished-at="2025-01-20T23:03:56 SGT" duration-ms="9570" status="PASS">
          <params>
            <param index="0">
              <value>
                <![CDATA[edge]]>
              </value>
            </param>
          </params>
          <reporter-output>
          </reporter-output>
        </test-method> <!-- beforeMethod -->
        <test-method signature="verifyToolTipValueInClientPage()[pri:0, instance:testCases.ClientTestCase@3eb738bb]" started-at="2025-01-20T23:03:56 SGT" name="verifyToolTipValueInClientPage" finished-at="2025-01-20T23:03:59 SGT" duration-ms="2957" status="FAIL">
          <exception class="java.lang.AssertionError">
            <message>
              <![CDATA[Incorrect Tool Tip Value expected [date] but found [Update]]]>
            </message>
            <full-stacktrace>
              <![CDATA[java.lang.AssertionError: Incorrect Tool Tip Value expected [date] but found [Update]
at org.testng.Assert.fail(Assert.java:111)
at org.testng.Assert.failNotEquals(Assert.java:1578)
at org.testng.Assert.assertEqualsImpl(Assert.java:150)
at org.testng.Assert.assertEquals(Assert.java:132)
at org.testng.Assert.assertEquals(Assert.java:656)
at testCases.ClientTestCase.verifyToolTipValueInClientPage(ClientTestCase.java:23)
at java.base/jdk.internal.reflect.NativeMethodAccessorImpl.invoke0(Native Method)
at java.base/jdk.internal.reflect.NativeMethodAccessorImpl.invoke(NativeMethodAccessorImpl.java:77)
at java.base/jdk.internal.reflect.DelegatingMethodAccessorImpl.invoke(DelegatingMethodAccessorImpl.java:43)
at java.base/java.lang.reflect.Method.invoke(Method.java:568)
at org.testng.internal.invokers.MethodInvocationHelper.invokeMethod(MethodInvocationHelper.java:141)
at org.testng.internal.invokers.TestInvoker.invokeMethod(TestInvoker.java:686)
at org.testng.internal.invokers.TestInvoker.retryFailed(TestInvoker.java:269)
at org.testng.internal.invokers.MethodRunner.runInSequence(MethodRunner.java:76)
at org.testng.internal.invokers.TestInvoker$MethodInvocationAgent.invoke(TestInvoker.java:992)
at org.testng.internal.invokers.TestInvoker.invokeTestMethods(TestInvoker.java:203)
at org.testng.internal.invokers.TestMethodWorker.invokeTestMethods(TestMethodWorker.java:154)
at org.testng.internal.invokers.TestMethodWorker.run(TestMethodWorker.java:134)
at java.base/java.util.ArrayList.forEach(ArrayList.java:1511)
at org.testng.TestRunner.privateRun(TestRunner.java:739)
at org.testng.TestRunner.run(TestRunner.java:614)
at org.testng.SuiteRunner.runTest(SuiteRunner.java:421)
at org.testng.SuiteRunner$SuiteWorker.run(SuiteRunner.java:463)
at org.testng.internal.thread.ThreadUtil.lambda$execute$0(ThreadUtil.java:64)
at java.base/java.util.concurrent.FutureTask.run(FutureTask.java:264)
at java.base/java.util.concurrent.ThreadPoolExecutor.runWorker(ThreadPoolExecutor.java:1136)
at java.base/java.util.concurrent.ThreadPoolExecutor$Worker.run(ThreadPoolExecutor.java:635)
at java.base/java.lang.Thread.run(Thread.java:833)
]]>
            </full-stacktrace>
          </exception> <!-- java.lang.AssertionError -->
          <reporter-output>
          </reporter-output>
        </test-method> <!-- verifyToolTipValueInClientPage -->
        <test-method is-config="true" signature="afterMethod(org.testng.ITestResult)[pri:0, instance:testCases.ClientTestCase@3eb738bb]" started-at="2025-01-20T23:03:59 SGT" name="afterMethod" finished-at="2025-01-20T23:04:00 SGT" duration-ms="1223" status="PASS">
          <params>
            <param index="0">
              <value>
                <![CDATA[[TestResult name=verifyToolTipValueInClientPage status=FAILURE method=ClientTestCase.verifyToolTipValueInClientPage()[pri:0, instance:testCases.ClientTestCase@3eb738bb] output={null}]]]>
              </value>
            </param>
          </params>
          <reporter-output>
          </reporter-output>
        </test-method> <!-- afterMethod -->
      </class> <!-- testCases.ClientTestCase -->
    </test> <!-- Edge Test -->
  </suite> <!-- My Test Suite -->
</testng-results>
