-------------------------------------------------------------------------------
Test set: TestSuite
-------------------------------------------------------------------------------
Tests run: 5, Failures: 1, Errors: 0, Skipped: 1, Time elapsed: 62.725 s <<< FAILURE! - in TestSuite
testCases.ClientTestCase.verifyToolTipValueInClientPage  Time elapsed: 2.794 s  <<< FAILURE!
java.lang.AssertionError: Incorrect Tool Tip Value expected [date] but found [Update]
	at testCases.ClientTestCase.verifyToolTipValueInClientPage(ClientTestCase.java:23)

