<?xml version="1.0" encoding="UTF-8"?>
<!-- Generated by org.testng.reporters.JUnitXMLReporter -->
<testsuite ignored="0" hostname="DESKTOP-QRUF7D9" failures="1" tests="4" name="Edge Test" time="70.415" errors="0" timestamp="2025-01-20T23:04:00 SGT">
  <testcase classname="testCases.ClientTestCase" name="verifyCheckBoxIsSelected" time="4.956"/>
  <testcase classname="testCases.ClientTestCase" name="verifyTheValueOfInvoiceOrderDropDown" time="6.067"/>
  <testcase classname="testCases.ClientTestCase" name="verifyToolTipValueInClientPage" time="2.903">
    <skipped/>
  </testcase> <!-- verifyToolTipValueInClientPage -->
  <testcase classname="testCases.ClientTestCase" name="verifyToolTipValueInClientPage" time="2.957">
    <failure type="java.lang.AssertionError" message="Incorrect Tool Tip Value expected [date] but found [Update]">
      <![CDATA[java.lang.AssertionError: Incorrect Tool Tip Value expected [date] but found [Update]
at testCases.ClientTestCase.verifyToolTipValueInClientPage(ClientTestCase.java:23)
at java.base/java.util.ArrayList.forEach(ArrayList.java:1511)
at java.base/java.util.concurrent.FutureTask.run(FutureTask.java:264)
at java.base/java.util.concurrent.ThreadPoolExecutor.runWorker(ThreadPoolExecutor.java:1136)
at java.base/java.util.concurrent.ThreadPoolExecutor$Worker.run(ThreadPoolExecutor.java:635)
at java.base/java.lang.Thread.run(Thread.java:833)
... Removed 22 stack frames]]>
    </failure>
  </testcase> <!-- verifyToolTipValueInClientPage -->
</testsuite> <!-- Edge Test -->
